{"uuid":"db879815-17aa-43ce-a88a-88e2b46bac14","historyId":"61963400271cc1f7d10ab63c920adfdd","fullName":"Добавление товара в таблицу: Добавить обычный фрукт","labels":[{"name":"host","value":"MacBook-Pro-Dmitrij.local"},{"name":"thread","value":"58064@MacBook-Pro-Dmitrij.local.main(1)"},{"name":"feature","value":"Добавление товара в таблицу"},{"name":"story","value":"Добавить обычный фрукт"},{"name":"suite","value":"Добавление товара в таблицу"},{"name":"testClass","value":"Добавить обычный фрукт"},{"name":"framework","value":"cucumber4jvm"},{"name":"language","value":"java"},{"name":"gherkin_uri","value":"file:///Users/dmitrijnajdenov/Desktop/untitled3/src/test/resources/features/%D0%94%D0%BE%D0%B1%D0%B0%D0%B2%D0%BB%D0%B5%D0%BD%D0%B8%D0%B5%20%D1%82%D0%BE%D0%B2%D0%B0%D1%80%D0%B0%20%D0%B2%20%D1%82%D0%B0%D0%B1%D0%BB%D0%B8%D1%86%D1%83.feature"},{"name":"package","value":"src.test.resources.features.Добавление товара в таблицу_feature.Добавление товара в таблицу"}],"links":[],"name":"Добавить обычный фрукт","status":"broken","statusDetails":{"known":false,"muted":false,"flaky":false,"message":"Не удалось создать драйвер [CHROME]","trace":"ru.ibsqa.chameleon.selenium.driver.exceptions.NoSupportedDriverException: Не удалось создать драйвер [CHROME]\n\tat ru.ibsqa.chameleon.selenium.driver.WebDriverFactory.newInstance(WebDriverFactory.java:92)\n\tat ru.ibsqa.chameleon.selenium.driver.WebDriverFactory.newInstance(WebDriverFactory.java:52)\n\tat ru.ibsqa.chameleon.selenium.driver.AbstractDriverFactory.newInstance(AbstractDriverFactory.java:28)\n\tat ru.ibsqa.chameleon.selenium.driver.universal.UniversalDriverFactoryImpl.lambda$newInstance$2(UniversalDriverFactoryImpl.java:66)\n\tat java.base/java.util.stream.ReferencePipeline$3$1.accept(ReferencePipeline.java:197)\n\tat java.base/java.util.stream.SortedOps$RefSortingSink.end(SortedOps.java:400)\n\tat java.base/java.util.stream.Sink$ChainedReference.end(Sink.java:258)\n\tat java.base/java.util.stream.AbstractPipeline.copyIntoWithCancel(AbstractPipeline.java:528)\n\tat java.base/java.util.stream.AbstractPipeline.copyInto(AbstractPipeline.java:513)\n\tat java.base/java.util.stream.AbstractPipeline.wrapAndCopyInto(AbstractPipeline.java:499)\n\tat java.base/java.util.stream.FindOps$FindOp.evaluateSequential(FindOps.java:150)\n\tat java.base/java.util.stream.AbstractPipeline.evaluate(AbstractPipeline.java:234)\n\tat java.base/java.util.stream.ReferencePipeline.findFirst(ReferencePipeline.java:647)\n\tat ru.ibsqa.chameleon.selenium.driver.universal.UniversalDriverFactoryImpl.newInstance(UniversalDriverFactoryImpl.java:73)\n\tat ru.ibsqa.chameleon.selenium.driver.WebDriverFacade.newProxyDriver(WebDriverFacade.java:129)\n\tat ru.ibsqa.chameleon.selenium.driver.WebDriverFacade.getWrappedDriver(WebDriverFacade.java:89)\n\tat ru.ibsqa.chameleon.selenium.driver.WebDriverFacade.getScreenshotAs(WebDriverFacade.java:254)\n\tat ru.ibsqa.chameleon.steps.DefaultScreenshotSteps.takeWebDriverSimpleScreenshot(DefaultScreenshotSteps.java:73)\n\tat ru.ibsqa.chameleon.steps.DefaultScreenshotSteps.lambda$takeScreenshotToReport$1(DefaultScreenshotSteps.java:58)\n\tat ru.ibsqa.chameleon.steps.DefaultScreenshotSteps.addScreenshot(DefaultScreenshotSteps.java:139)\n\tat ru.ibsqa.chameleon.steps.DefaultScreenshotSteps.takeScreenshotToReport(DefaultScreenshotSteps.java:58)\n\tat ru.ibsqa.chameleon.steps.ScreenshotManagerImpl.takeScreenshotToReport(ScreenshotManagerImpl.java:43)\n\tat ru.ibsqa.chameleon.reporter.StepListenerScreenshotImpl.stepAfterThrowing(StepListenerScreenshotImpl.java:63)\n\tat ru.ibsqa.chameleon.steps.aspect.StepListenerManagerImpl.lambda$stepAfterThrowing$4(StepListenerManagerImpl.java:105)\n\tat java.base/java.util.ArrayList.forEach(ArrayList.java:1511)\n\tat ru.ibsqa.chameleon.steps.aspect.StepListenerManagerImpl.stepAfterThrowing(StepListenerManagerImpl.java:105)\n\tat ru.ibsqa.chameleon.steps.aspect.CucumberAspectSteps.stepNonUIBddAfterThrowing(CucumberAspectSteps.java:129)\n\tat ru.ibsqa.chameleon.steps.PageStorySteps.stepLoadedPage(PageStorySteps.java:41)\n\tat ✽.страница \"Главная страница\" загружена(file:///Users/dmitrijnajdenov/Desktop/untitled3/src/test/resources/features/%D0%94%D0%BE%D0%B1%D0%B0%D0%B2%D0%BB%D0%B5%D0%BD%D0%B8%D0%B5%20%D1%82%D0%BE%D0%B2%D0%B0%D1%80%D0%B0%20%D0%B2%20%D1%82%D0%B0%D0%B1%D0%BB%D0%B8%D1%86%D1%83.feature:13)\n"},"stage":"finished","steps":[{"name":"*  страница \"Главная страница\" загружена","status":"broken","statusDetails":{"known":false,"muted":false,"flaky":false,"message":"Не удалось создать драйвер [CHROME]","trace":"ru.ibsqa.chameleon.selenium.driver.exceptions.NoSupportedDriverException: Не удалось создать драйвер [CHROME]\n\tat ru.ibsqa.chameleon.selenium.driver.WebDriverFactory.newInstance(WebDriverFactory.java:92)\n\tat ru.ibsqa.chameleon.selenium.driver.WebDriverFactory.newInstance(WebDriverFactory.java:52)\n\tat ru.ibsqa.chameleon.selenium.driver.AbstractDriverFactory.newInstance(AbstractDriverFactory.java:28)\n\tat ru.ibsqa.chameleon.selenium.driver.universal.UniversalDriverFactoryImpl.lambda$newInstance$2(UniversalDriverFactoryImpl.java:66)\n\tat java.base/java.util.stream.ReferencePipeline$3$1.accept(ReferencePipeline.java:197)\n\tat java.base/java.util.stream.SortedOps$RefSortingSink.end(SortedOps.java:400)\n\tat java.base/java.util.stream.Sink$ChainedReference.end(Sink.java:258)\n\tat java.base/java.util.stream.AbstractPipeline.copyIntoWithCancel(AbstractPipeline.java:528)\n\tat java.base/java.util.stream.AbstractPipeline.copyInto(AbstractPipeline.java:513)\n\tat java.base/java.util.stream.AbstractPipeline.wrapAndCopyInto(AbstractPipeline.java:499)\n\tat java.base/java.util.stream.FindOps$FindOp.evaluateSequential(FindOps.java:150)\n\tat java.base/java.util.stream.AbstractPipeline.evaluate(AbstractPipeline.java:234)\n\tat java.base/java.util.stream.ReferencePipeline.findFirst(ReferencePipeline.java:647)\n\tat ru.ibsqa.chameleon.selenium.driver.universal.UniversalDriverFactoryImpl.newInstance(UniversalDriverFactoryImpl.java:73)\n\tat ru.ibsqa.chameleon.selenium.driver.WebDriverFacade.newProxyDriver(WebDriverFacade.java:129)\n\tat ru.ibsqa.chameleon.selenium.driver.WebDriverFacade.getWrappedDriver(WebDriverFacade.java:89)\n\tat ru.ibsqa.chameleon.selenium.driver.WebDriverFacade.getScreenshotAs(WebDriverFacade.java:254)\n\tat ru.ibsqa.chameleon.steps.DefaultScreenshotSteps.takeWebDriverSimpleScreenshot(DefaultScreenshotSteps.java:73)\n\tat ru.ibsqa.chameleon.steps.DefaultScreenshotSteps.lambda$takeScreenshotToReport$1(DefaultScreenshotSteps.java:58)\n\tat ru.ibsqa.chameleon.steps.DefaultScreenshotSteps.addScreenshot(DefaultScreenshotSteps.java:139)\n\tat ru.ibsqa.chameleon.steps.DefaultScreenshotSteps.takeScreenshotToReport(DefaultScreenshotSteps.java:58)\n\tat ru.ibsqa.chameleon.steps.ScreenshotManagerImpl.takeScreenshotToReport(ScreenshotManagerImpl.java:43)\n\tat ru.ibsqa.chameleon.reporter.StepListenerScreenshotImpl.stepAfterThrowing(StepListenerScreenshotImpl.java:63)\n\tat ru.ibsqa.chameleon.steps.aspect.StepListenerManagerImpl.lambda$stepAfterThrowing$4(StepListenerManagerImpl.java:105)\n\tat java.base/java.util.ArrayList.forEach(ArrayList.java:1511)\n\tat ru.ibsqa.chameleon.steps.aspect.StepListenerManagerImpl.stepAfterThrowing(StepListenerManagerImpl.java:105)\n\tat ru.ibsqa.chameleon.steps.aspect.CucumberAspectSteps.stepNonUIBddAfterThrowing(CucumberAspectSteps.java:129)\n\tat ru.ibsqa.chameleon.steps.PageStorySteps.stepLoadedPage(PageStorySteps.java:41)\n\tat ✽.страница \"Главная страница\" загружена(file:///Users/dmitrijnajdenov/Desktop/untitled3/src/test/resources/features/%D0%94%D0%BE%D0%B1%D0%B0%D0%B2%D0%BB%D0%B5%D0%BD%D0%B8%D0%B5%20%D1%82%D0%BE%D0%B2%D0%B0%D1%80%D0%B0%20%D0%B2%20%D1%82%D0%B0%D0%B1%D0%BB%D0%B8%D1%86%D1%83.feature:13)\n"},"stage":"finished","steps":[{"name":"страница \"Главная страница\" загружена","status":"failed","statusDetails":{"known":false,"muted":false,"flaky":false,"message":"Не удалось создать экземпляр страницы: GlavnajaStranica : null","trace":"org.opentest4j.AssertionFailedError: Не удалось создать экземпляр страницы: GlavnajaStranica : null\n\tat org.junit.jupiter.api.AssertionUtils.fail(AssertionUtils.java:38)\n\tat org.junit.jupiter.api.Assertions.fail(Assertions.java:135)\n\tat ru.ibsqa.chameleon.page_factory.pages.ContextManagerPageImpl.setCurrentPage(ContextManagerPageImpl.java:74)\n\tat ru.ibsqa.chameleon.page_factory.pages.ContextManagerPageImpl.setCurrentPage(ContextManagerPageImpl.java:86)\n\tat ru.ibsqa.chameleon.steps.PageSteps.setPage(PageSteps.java:29)\n\tat ru.ibsqa.chameleon.steps.PageSteps.stepLoadedPage_aroundBody4(PageSteps.java:59)\n\tat ru.ibsqa.chameleon.steps.PageSteps$AjcClosure5.run(PageSteps.java:1)\n\tat org.aspectj.runtime.reflect.JoinPointImpl.proceed(JoinPointImpl.java:270)\n\tat ru.ibsqa.chameleon.steps.aspect.StepListenerManagerImpl.stepAround(StepListenerManagerImpl.java:123)\n\tat ru.ibsqa.chameleon.steps.aspect.AspectSteps.stepUINestedAround(AspectSteps.java:34)\n\tat ru.ibsqa.chameleon.steps.PageSteps.stepLoadedPage(PageSteps.java:59)\n\tat ru.ibsqa.chameleon.steps.PageStorySteps.lambda$stepLoadedPage$1(PageStorySteps.java:39)\n\tat ru.ibsqa.chameleon.steps.StepFlowImpl.checkStepFlow(StepFlowImpl.java:68)\n\tat ru.ibsqa.chameleon.steps.AbstractSteps.flow(AbstractSteps.java:53)\n\tat ru.ibsqa.chameleon.steps.PageStorySteps.stepLoadedPage(PageStorySteps.java:38)\n\tat java.base/jdk.internal.reflect.DirectMethodHandleAccessor.invoke(DirectMethodHandleAccessor.java:104)\n\tat java.base/java.lang.reflect.Method.invoke(Method.java:578)\n\tat io.cucumber.java.Invoker.doInvoke(Invoker.java:66)\n\tat io.cucumber.java.Invoker.invoke(Invoker.java:24)\n\tat io.cucumber.java.AbstractGlueDefinition.invokeMethod(AbstractGlueDefinition.java:47)\n\tat io.cucumber.java.JavaStepDefinition.execute(JavaStepDefinition.java:29)\n\tat io.cucumber.core.runner.CoreStepDefinition.execute(CoreStepDefinition.java:66)\n\tat io.cucumber.core.runner.PickleStepDefinitionMatch.runStep(PickleStepDefinitionMatch.java:63)\n\tat io.cucumber.core.runner.ExecutionMode$1.execute(ExecutionMode.java:10)\n\tat io.cucumber.core.runner.TestStep.executeStep(TestStep.java:85)\n\tat io.cucumber.core.runner.TestStep.run(TestStep.java:57)\n\tat io.cucumber.core.runner.PickleStepTestStep.run(PickleStepTestStep.java:51)\n\tat io.cucumber.core.runner.TestCase.run(TestCase.java:84)\n\tat io.cucumber.core.runner.Runner.runPickle(Runner.java:75)\n\tat io.cucumber.junit.platform.engine.CucumberEngineExecutionContext.lambda$runTestCase$4(CucumberEngineExecutionContext.java:112)\n\tat io.cucumber.core.runtime.CucumberExecutionContext.lambda$runTestCase$5(CucumberExecutionContext.java:129)\n\tat io.cucumber.core.runtime.RethrowingThrowableCollector.executeAndThrow(RethrowingThrowableCollector.java:23)\n\tat io.cucumber.core.runtime.CucumberExecutionContext.runTestCase(CucumberExecutionContext.java:129)\n\tat io.cucumber.junit.platform.engine.CucumberEngineExecutionContext.runTestCase(CucumberEngineExecutionContext.java:109)\n\tat io.cucumber.junit.platform.engine.NodeDescriptor$PickleDescriptor.execute(NodeDescriptor.java:164)\n\tat io.cucumber.junit.platform.engine.NodeDescriptor$PickleDescriptor.execute(NodeDescriptor.java:90)\n\tat org.junit.platform.engine.support.hierarchical.NodeTestTask.lambda$executeRecursively$6(NodeTestTask.java:151)\n\tat org.junit.platform.engine.support.hierarchical.ThrowableCollector.execute(ThrowableCollector.java:73)\n\tat org.junit.platform.engine.support.hierarchical.NodeTestTask.lambda$executeRecursively$8(NodeTestTask.java:141)\n\tat org.junit.platform.engine.support.hierarchical.Node.around(Node.java:137)\n\tat org.junit.platform.engine.support.hierarchical.NodeTestTask.lambda$executeRecursively$9(NodeTestTask.java:139)\n\tat org.junit.platform.engine.support.hierarchical.ThrowableCollector.execute(ThrowableCollector.java:73)\n\tat org.junit.platform.engine.support.hierarchical.NodeTestTask.executeRecursively(NodeTestTask.java:138)\n\tat org.junit.platform.engine.support.hierarchical.NodeTestTask.execute(NodeTestTask.java:95)\n\tat java.base/java.util.ArrayList.forEach(ArrayList.java:1511)\n\tat org.junit.platform.engine.support.hierarchical.SameThreadHierarchicalTestExecutorService.invokeAll(SameThreadHierarchicalTestExecutorService.java:41)\n\tat org.junit.platform.engine.support.hierarchical.NodeTestTask.lambda$executeRecursively$6(NodeTestTask.java:155)\n\tat org.junit.platform.engine.support.hierarchical.ThrowableCollector.execute(ThrowableCollector.java:73)\n\tat org.junit.platform.engine.support.hierarchical.NodeTestTask.lambda$executeRecursively$8(NodeTestTask.java:141)\n\tat org.junit.platform.engine.support.hierarchical.Node.around(Node.java:137)\n\tat org.junit.platform.engine.support.hierarchical.NodeTestTask.lambda$executeRecursively$9(NodeTestTask.java:139)\n\tat org.junit.platform.engine.support.hierarchical.ThrowableCollector.execute(ThrowableCollector.java:73)\n\tat org.junit.platform.engine.support.hierarchical.NodeTestTask.executeRecursively(NodeTestTask.java:138)\n\tat org.junit.platform.engine.support.hierarchical.NodeTestTask.execute(NodeTestTask.java:95)\n\tat java.base/java.util.ArrayList.forEach(ArrayList.java:1511)\n\tat org.junit.platform.engine.support.hierarchical.SameThreadHierarchicalTestExecutorService.invokeAll(SameThreadHierarchicalTestExecutorService.java:41)\n\tat org.junit.platform.engine.support.hierarchical.NodeTestTask.lambda$executeRecursively$6(NodeTestTask.java:155)\n\tat org.junit.platform.engine.support.hierarchical.ThrowableCollector.execute(ThrowableCollector.java:73)\n\tat org.junit.platform.engine.support.hierarchical.NodeTestTask.lambda$executeRecursively$8(NodeTestTask.java:141)\n\tat org.junit.platform.engine.support.hierarchical.Node.around(Node.java:137)\n\tat org.junit.platform.engine.support.hierarchical.NodeTestTask.lambda$executeRecursively$9(NodeTestTask.java:139)\n\tat org.junit.platform.engine.support.hierarchical.ThrowableCollector.execute(ThrowableCollector.java:73)\n\tat org.junit.platform.engine.support.hierarchical.NodeTestTask.executeRecursively(NodeTestTask.java:138)\n\tat org.junit.platform.engine.support.hierarchical.NodeTestTask.execute(NodeTestTask.java:95)\n\tat org.junit.platform.engine.support.hierarchical.SameThreadHierarchicalTestExecutorService.submit(SameThreadHierarchicalTestExecutorService.java:35)\n\tat org.junit.platform.engine.support.hierarchical.HierarchicalTestExecutor.execute(HierarchicalTestExecutor.java:57)\n\tat org.junit.platform.engine.support.hierarchical.HierarchicalTestEngine.execute(HierarchicalTestEngine.java:54)\n\tat org.junit.platform.launcher.core.EngineExecutionOrchestrator.execute(EngineExecutionOrchestrator.java:147)\n\tat org.junit.platform.launcher.core.EngineExecutionOrchestrator.execute(EngineExecutionOrchestrator.java:127)\n\tat org.junit.platform.launcher.core.EngineExecutionOrchestrator.execute(EngineExecutionOrchestrator.java:90)\n\tat org.junit.platform.launcher.core.EngineExecutionOrchestrator.execute(EngineExecutionOrchestrator.java:73)\n\tat org.junit.platform.suite.engine.SuiteLauncher.execute(SuiteLauncher.java:63)\n\tat org.junit.platform.suite.engine.SuiteTestDescriptor.execute(SuiteTestDescriptor.java:150)\n\tat org.junit.platform.suite.engine.SuiteTestEngine.lambda$execute$0(SuiteTestEngine.java:73)\n\tat java.base/java.util.stream.ForEachOps$ForEachOp$OfRef.accept(ForEachOps.java:183)\n\tat java.base/java.util.stream.ReferencePipeline$3$1.accept(ReferencePipeline.java:197)\n\tat java.base/java.util.Iterator.forEachRemaining(Iterator.java:133)\n\tat java.base/java.util.Spliterators$IteratorSpliterator.forEachRemaining(Spliterators.java:1921)\n\tat java.base/java.util.stream.AbstractPipeline.copyInto(AbstractPipeline.java:509)\n\tat java.base/java.util.stream.AbstractPipeline.wrapAndCopyInto(AbstractPipeline.java:499)\n\tat java.base/java.util.stream.ForEachOps$ForEachOp.evaluateSequential(ForEachOps.java:150)\n\tat java.base/java.util.stream.ForEachOps$ForEachOp$OfRef.evaluateSequential(ForEachOps.java:173)\n\tat java.base/java.util.stream.AbstractPipeline.evaluate(AbstractPipeline.java:234)\n\tat java.base/java.util.stream.ReferencePipeline.forEach(ReferencePipeline.java:596)\n\tat org.junit.platform.suite.engine.SuiteTestEngine.execute(SuiteTestEngine.java:73)\n\tat org.junit.platform.launcher.core.EngineExecutionOrchestrator.execute(EngineExecutionOrchestrator.java:147)\n\tat org.junit.platform.launcher.core.EngineExecutionOrchestrator.execute(EngineExecutionOrchestrator.java:127)\n\tat org.junit.platform.launcher.core.EngineExecutionOrchestrator.execute(EngineExecutionOrchestrator.java:90)\n\tat org.junit.platform.launcher.core.EngineExecutionOrchestrator.lambda$execute$0(EngineExecutionOrchestrator.java:55)\n\tat org.junit.platform.launcher.core.EngineExecutionOrchestrator.withInterceptedStreams(EngineExecutionOrchestrator.java:102)\n\tat org.junit.platform.launcher.core.EngineExecutionOrchestrator.execute(EngineExecutionOrchestrator.java:54)\n\tat org.junit.platform.launcher.core.DefaultLauncher.execute(DefaultLauncher.java:114)\n\tat org.junit.platform.launcher.core.DefaultLauncher.execute(DefaultLauncher.java:86)\n\tat org.junit.platform.launcher.core.DefaultLauncherSession$DelegatingLauncher.execute(DefaultLauncherSession.java:86)\n\tat org.apache.maven.surefire.junitplatform.LazyLauncher.execute(LazyLauncher.java:55)\n\tat org.apache.maven.surefire.junitplatform.JUnitPlatformProvider.execute(JUnitPlatformProvider.java:223)\n\tat org.apache.maven.surefire.junitplatform.JUnitPlatformProvider.invokeAllTests(JUnitPlatformProvider.java:175)\n\tat org.apache.maven.surefire.junitplatform.JUnitPlatformProvider.invoke(JUnitPlatformProvider.java:139)\n\tat org.apache.maven.surefire.booter.ForkedBooter.runSuitesInProcess(ForkedBooter.java:456)\n\tat org.apache.maven.surefire.booter.ForkedBooter.execute(ForkedBooter.java:169)\n\tat org.apache.maven.surefire.booter.ForkedBooter.run(ForkedBooter.java:595)\n\tat org.apache.maven.surefire.booter.ForkedBooter.main(ForkedBooter.java:581)\n"},"stage":"finished","steps":[],"attachments":[],"parameters":[{"name":"page","value":"Главная страница"}],"start":1694090149748,"stop":1694090150050}],"attachments":[],"parameters":[],"start":1694090149049,"stop":1694090157661},{"name":"*  выполнено нажатие на \"Песочница\"","status":"skipped","statusDetails":{"known":false,"muted":false,"flaky":false},"stage":"finished","steps":[],"attachments":[],"parameters":[],"start":1694090157663,"stop":1694090157663},{"name":"*  нажатием на кнопку \"Товары\" загружена страница \"Продукты\"","status":"skipped","statusDetails":{"known":false,"muted":false,"flaky":false},"stage":"finished","steps":[],"attachments":[],"parameters":[],"start":1694090157663,"stop":1694090157664},{"name":"*  нажатием на кнопку \"Добавить\" загружена страница \"Окно добавления товара\"","status":"skipped","statusDetails":{"known":false,"muted":false,"flaky":false},"stage":"finished","steps":[],"attachments":[],"parameters":[],"start":1694090157664,"stop":1694090157664},{"name":"*  заполняются поля:","status":"skipped","statusDetails":{"known":false,"muted":false,"flaky":false},"stage":"finished","steps":[],"attachments":[{"name":"Data table","source":"d2bc6b91-79cb-4568-840f-d90178c4046e-attachment.csv","type":"text/tab-separated-values"}],"parameters":[],"start":1694090157665,"stop":1694090157676},{"name":"*  выполнено нажатие на \" Экзотический\"","status":"skipped","statusDetails":{"known":false,"muted":false,"flaky":false},"stage":"finished","steps":[],"attachments":[],"parameters":[],"start":1694090157677,"stop":1694090157677},{"name":"*  нажатием на кнопку \"Сохранить\" загружена страница \"Продукты\"","status":"skipped","statusDetails":{"known":false,"muted":false,"flaky":false},"stage":"finished","steps":[],"attachments":[],"parameters":[],"start":1694090157677,"stop":1694090157678},{"name":"*  ожидается элемент коллекции \"Таблица\" в течение \"5\" секунд с параметрами:","status":"skipped","statusDetails":{"known":false,"muted":false,"flaky":false},"stage":"finished","steps":[],"attachments":[{"name":"Data table","source":"44ac9d4c-7f9c-46ec-8a06-54806317d63e-attachment.csv","type":"text/tab-separated-values"}],"parameters":[],"start":1694090157679,"stop":1694090157680},{"name":"*  количество элементов коллекции \"Таблица\" равно \"5\"","status":"skipped","statusDetails":{"known":false,"muted":false,"flaky":false},"stage":"finished","steps":[],"attachments":[],"parameters":[],"start":1694090157681,"stop":1694090157682}],"attachments":[],"parameters":[],"start":1694090148274,"stop":1694090157686}