-------------------------------------------------------------------------------
Test set: org.example.TestRunner
-------------------------------------------------------------------------------
Tests run: 2, Failures: 0, Errors: 2, Skipped: 0, Time elapsed: 18.916 s <<< FAILURE! - in org.example.TestRunner
Добавление товара в таблицу.Добавить обычный фрукт  Time elapsed: 11.733 s  <<< ERROR!
ru.ibsqa.chameleon.selenium.driver.exceptions.NoSupportedDriverException: Не удалось создать драйвер [CHROME]
	at ru.ibsqa.chameleon.selenium.driver.WebDriverFactory.newInstance(WebDriverFactory.java:92)
	at ru.ibsqa.chameleon.selenium.driver.WebDriverFactory.newInstance(WebDriverFactory.java:52)
	at ru.ibsqa.chameleon.selenium.driver.AbstractDriverFactory.newInstance(AbstractDriverFactory.java:28)
	at ru.ibsqa.chameleon.selenium.driver.universal.UniversalDriverFactoryImpl.lambda$newInstance$2(UniversalDriverFactoryImpl.java:66)
	at java.base/java.util.stream.ReferencePipeline$3$1.accept(ReferencePipeline.java:197)
	at java.base/java.util.stream.SortedOps$RefSortingSink.end(SortedOps.java:400)
	at java.base/java.util.stream.Sink$ChainedReference.end(Sink.java:258)
	at java.base/java.util.stream.AbstractPipeline.copyIntoWithCancel(AbstractPipeline.java:528)
	at java.base/java.util.stream.AbstractPipeline.copyInto(AbstractPipeline.java:513)
	at java.base/java.util.stream.AbstractPipeline.wrapAndCopyInto(AbstractPipeline.java:499)
	at java.base/java.util.stream.FindOps$FindOp.evaluateSequential(FindOps.java:150)
	at java.base/java.util.stream.AbstractPipeline.evaluate(AbstractPipeline.java:234)
	at java.base/java.util.stream.ReferencePipeline.findFirst(ReferencePipeline.java:647)
	at ru.ibsqa.chameleon.selenium.driver.universal.UniversalDriverFactoryImpl.newInstance(UniversalDriverFactoryImpl.java:73)
	at ru.ibsqa.chameleon.selenium.driver.WebDriverFacade.newProxyDriver(WebDriverFacade.java:129)
	at ru.ibsqa.chameleon.selenium.driver.WebDriverFacade.getWrappedDriver(WebDriverFacade.java:89)
	at ru.ibsqa.chameleon.selenium.driver.WebDriverFacade.getScreenshotAs(WebDriverFacade.java:254)
	at ru.ibsqa.chameleon.steps.DefaultScreenshotSteps.takeWebDriverSimpleScreenshot(DefaultScreenshotSteps.java:73)
	at ru.ibsqa.chameleon.steps.DefaultScreenshotSteps.lambda$takeScreenshotToReport$1(DefaultScreenshotSteps.java:58)
	at ru.ibsqa.chameleon.steps.DefaultScreenshotSteps.addScreenshot(DefaultScreenshotSteps.java:139)
	at ru.ibsqa.chameleon.steps.DefaultScreenshotSteps.takeScreenshotToReport(DefaultScreenshotSteps.java:58)
	at ru.ibsqa.chameleon.steps.ScreenshotManagerImpl.takeScreenshotToReport(ScreenshotManagerImpl.java:43)
	at ru.ibsqa.chameleon.reporter.StepListenerScreenshotImpl.stepAfterThrowing(StepListenerScreenshotImpl.java:63)
	at ru.ibsqa.chameleon.steps.aspect.StepListenerManagerImpl.lambda$stepAfterThrowing$4(StepListenerManagerImpl.java:105)
	at java.base/java.util.ArrayList.forEach(ArrayList.java:1511)
	at ru.ibsqa.chameleon.steps.aspect.StepListenerManagerImpl.stepAfterThrowing(StepListenerManagerImpl.java:105)
	at ru.ibsqa.chameleon.steps.aspect.CucumberAspectSteps.stepNonUIBddAfterThrowing(CucumberAspectSteps.java:129)
	at ru.ibsqa.chameleon.steps.PageStorySteps.stepLoadedPage(PageStorySteps.java:41)
	at ✽.страница "Главная страница" загружена(file:///Users/dmitrijnajdenov/Desktop/untitled3/src/test/resources/features/%D0%94%D0%BE%D0%B1%D0%B0%D0%B2%D0%BB%D0%B5%D0%BD%D0%B8%D0%B5%20%D1%82%D0%BE%D0%B2%D0%B0%D1%80%D0%B0%20%D0%B2%20%D1%82%D0%B0%D0%B1%D0%BB%D0%B8%D1%86%D1%83.feature:13)

Работа БД при добавлении товара.Добавляем товар в БД и просматриваем ее содержимое  Time elapsed: 5.564 s  <<< ERROR!
ru.ibsqa.chameleon.selenium.driver.exceptions.NoSupportedDriverException: Не удалось создать драйвер [CHROME]
	at ru.ibsqa.chameleon.selenium.driver.WebDriverFactory.newInstance(WebDriverFactory.java:92)
	at ru.ibsqa.chameleon.selenium.driver.WebDriverFactory.newInstance(WebDriverFactory.java:52)
	at ru.ibsqa.chameleon.selenium.driver.AbstractDriverFactory.newInstance(AbstractDriverFactory.java:28)
	at ru.ibsqa.chameleon.selenium.driver.universal.UniversalDriverFactoryImpl.lambda$newInstance$2(UniversalDriverFactoryImpl.java:66)
	at java.base/java.util.stream.ReferencePipeline$3$1.accept(ReferencePipeline.java:197)
	at java.base/java.util.stream.SortedOps$RefSortingSink.end(SortedOps.java:400)
	at java.base/java.util.stream.Sink$ChainedReference.end(Sink.java:258)
	at java.base/java.util.stream.AbstractPipeline.copyIntoWithCancel(AbstractPipeline.java:528)
	at java.base/java.util.stream.AbstractPipeline.copyInto(AbstractPipeline.java:513)
	at java.base/java.util.stream.AbstractPipeline.wrapAndCopyInto(AbstractPipeline.java:499)
	at java.base/java.util.stream.FindOps$FindOp.evaluateSequential(FindOps.java:150)
	at java.base/java.util.stream.AbstractPipeline.evaluate(AbstractPipeline.java:234)
	at java.base/java.util.stream.ReferencePipeline.findFirst(ReferencePipeline.java:647)
	at ru.ibsqa.chameleon.selenium.driver.universal.UniversalDriverFactoryImpl.newInstance(UniversalDriverFactoryImpl.java:73)
	at ru.ibsqa.chameleon.selenium.driver.WebDriverFacade.newProxyDriver(WebDriverFacade.java:129)
	at ru.ibsqa.chameleon.selenium.driver.WebDriverFacade.getWrappedDriver(WebDriverFacade.java:89)
	at ru.ibsqa.chameleon.selenium.driver.WebDriverFacade.getScreenshotAs(WebDriverFacade.java:254)
	at ru.ibsqa.chameleon.steps.DefaultScreenshotSteps.takeWebDriverSimpleScreenshot(DefaultScreenshotSteps.java:73)
	at ru.ibsqa.chameleon.steps.DefaultScreenshotSteps.lambda$takeScreenshotToReport$1(DefaultScreenshotSteps.java:58)
	at ru.ibsqa.chameleon.steps.DefaultScreenshotSteps.addScreenshot(DefaultScreenshotSteps.java:139)
	at ru.ibsqa.chameleon.steps.DefaultScreenshotSteps.takeScreenshotToReport(DefaultScreenshotSteps.java:58)
	at ru.ibsqa.chameleon.steps.ScreenshotManagerImpl.takeScreenshotToReport(ScreenshotManagerImpl.java:43)
	at ru.ibsqa.chameleon.reporter.StepListenerScreenshotImpl.stepAfterThrowing(StepListenerScreenshotImpl.java:63)
	at ru.ibsqa.chameleon.steps.aspect.StepListenerManagerImpl.lambda$stepAfterThrowing$4(StepListenerManagerImpl.java:105)
	at java.base/java.util.ArrayList.forEach(ArrayList.java:1511)
	at ru.ibsqa.chameleon.steps.aspect.StepListenerManagerImpl.stepAfterThrowing(StepListenerManagerImpl.java:105)
	at ru.ibsqa.chameleon.steps.aspect.CucumberAspectSteps.stepNonUIBddAfterThrowing(CucumberAspectSteps.java:129)
	at ru.ibsqa.chameleon.steps.DbStorySteps.query(DbStorySteps.java:153)
	at ✽.к БД выполняется запрос "Добавление продукта" c параметрами:(file:///Users/dmitrijnajdenov/Desktop/untitled3/src/test/resources/features/%D0%A0%D0%B0%D0%B1%D0%BE%D1%82%D0%B0%20%D0%91%D0%94%20%D0%BF%D1%80%D0%B8%20%D0%B4%D0%BE%D0%B1%D0%B0%D0%B2%D0%BB%D0%B5%D0%BD%D0%B8%D0%B8%20%D1%82%D0%BE%D0%B2%D0%B0%D1%80%D0%B0.feature:13)

